<?xml version="1.0" encoding="UTF-8"?>
<!-- Generated by org.testng.reporters.JUnitReportReporter -->
<testsuite hostname="DESKTOP-4R598SL" failures="0" tests="1" name="Main" time="29.598" errors="0" timestamp="2024-04-02T12:01:40 IST" skipped="0">
  <testcase classname="Main" name="DeletePayGrade" time="29.598"/>
</testsuite> <!-- Main -->
