<?xml version="1.0" encoding="UTF-8"?>
<!-- Generated by org.testng.reporters.JUnitReportReporter -->
<testsuite hostname="DESKTOP-4R598SL" failures="0" tests="1" name="Configure" time="0.008" errors="0" timestamp="2024-03-18T12:20:01 IST" skipped="0">
  <testcase classname="Configure" name="Login" time="0.008"/>
</testsuite> <!-- Configure -->
